Determining if the pthread_create exist failed with the following output:
Change Dir: /home/caros/zjh/projects/github/stuROS/build/CMakeFiles/CMakeTmp

Run Build Command:/usr/bin/make "cmTryCompileExec3529232673/fast"
/usr/bin/make -f CMakeFiles/cmTryCompileExec3529232673.dir/build.make CMakeFiles/cmTryCompileExec3529232673.dir/build
make[1]: Entering directory `/home/caros/zjh/projects/github/stuROS/build/CMakeFiles/CMakeTmp'
/usr/bin/cmake -E cmake_progress_report /home/caros/zjh/projects/github/stuROS/build/CMakeFiles/CMakeTmp/CMakeFiles 1
Building C object CMakeFiles/cmTryCompileExec3529232673.dir/CheckSymbolExists.c.o
/usr/bin/cc    -o CMakeFiles/cmTryCompileExec3529232673.dir/CheckSymbolExists.c.o   -c /home/caros/zjh/projects/github/stuROS/build/CMakeFiles/CMakeTmp/CheckSymbolExists.c
Linking C executable cmTryCompileExec3529232673
/usr/bin/cmake -E cmake_link_script CMakeFiles/cmTryCompileExec3529232673.dir/link.txt --verbose=1
/usr/bin/cc       CMakeFiles/cmTryCompileExec3529232673.dir/CheckSymbolExists.c.o  -o cmTryCompileExec3529232673 -rdynamic 
CMakeFiles/cmTryCompileExec3529232673.dir/CheckSymbolExists.c.o: In function `main':
CheckSymbolExists.c:(.text+0x16): undefined reference to `pthread_create'
collect2: error: ld returned 1 exit status
make[1]: *** [cmTryCompileExec3529232673] Error 1
make[1]: Leaving directory `/home/caros/zjh/projects/github/stuROS/build/CMakeFiles/CMakeTmp'
make: *** [cmTryCompileExec3529232673/fast] Error 2

File /home/caros/zjh/projects/github/stuROS/build/CMakeFiles/CMakeTmp/CheckSymbolExists.c:
/* */
#include <pthread.h>

int main(int argc, char** argv)
{
  (void)argv;
#ifndef pthread_create
  return ((int*)(&pthread_create))[argc];
#else
  (void)argc;
  return 0;
#endif
}

Determining if the function pthread_create exists in the pthreads failed with the following output:
Change Dir: /home/caros/zjh/projects/github/stuROS/build/CMakeFiles/CMakeTmp

Run Build Command:/usr/bin/make "cmTryCompileExec404327040/fast"
/usr/bin/make -f CMakeFiles/cmTryCompileExec404327040.dir/build.make CMakeFiles/cmTryCompileExec404327040.dir/build
make[1]: Entering directory `/home/caros/zjh/projects/github/stuROS/build/CMakeFiles/CMakeTmp'
/usr/bin/cmake -E cmake_progress_report /home/caros/zjh/projects/github/stuROS/build/CMakeFiles/CMakeTmp/CMakeFiles 1
Building C object CMakeFiles/cmTryCompileExec404327040.dir/CheckFunctionExists.c.o
/usr/bin/cc   -DCHECK_FUNCTION_EXISTS=pthread_create   -o CMakeFiles/cmTryCompileExec404327040.dir/CheckFunctionExists.c.o   -c /usr/share/cmake-2.8/Modules/CheckFunctionExists.c
Linking C executable cmTryCompileExec404327040
/usr/bin/cmake -E cmake_link_script CMakeFiles/cmTryCompileExec404327040.dir/link.txt --verbose=1
/usr/bin/cc   -DCHECK_FUNCTION_EXISTS=pthread_create    CMakeFiles/cmTryCompileExec404327040.dir/CheckFunctionExists.c.o  -o cmTryCompileExec404327040 -rdynamic -lpthreads 
/usr/bin/ld: cannot find -lpthreads
collect2: error: ld returned 1 exit status
make[1]: Leaving directory `/home/caros/zjh/projects/github/stuROS/build/CMakeFiles/CMakeTmp'
make[1]: *** [cmTryCompileExec404327040] Error 1
make: *** [cmTryCompileExec404327040/fast] Error 2


